#-----------------------------------------------------------
# Vivado v2014.2_EA911930 (64-bit)
# SW Build 911930 on Mon May 12 18:29:50 MDT 2014
# IP Build 912031 on Mon May 12 17:24:26 MDT 2014
# Start of session at: Thu Jun 12 14:50:18 2014
# Process ID: 15552
# Log file: /home/training/Avnet-MicroZed-z7010-2014.2/Avnet-MicroZed-z7010-2014.2.sdk/webtalk/vivado.log
# Journal file: /home/training/Avnet-MicroZed-z7010-2014.2/Avnet-MicroZed-z7010-2014.2.sdk/webtalk/vivado.jou
#-----------------------------------------------------------
source sdk.tcl
# webtalk_init -webtalk_dir /home/training/Avnet-MicroZed-z7010-2014.2/Avnet-MicroZed-z7010-2014.2.sdk/webtalk
# webtalk_register_client -client project
# webtalk_add_data -client project -key date_generated -value "Thu Jun 12 14:50:12 2014" -context "software_version_and_target_device"
# webtalk_add_data -client project -key product_version -value "SDK v2014.2" -context "software_version_and_target_device"
# webtalk_add_data -client project -key build_version -value "2014.2" -context "software_version_and_target_device"
# webtalk_add_data -client project -key os_platform -value "amd64" -context "software_version_and_target_device"
# webtalk_add_data -client project -key registration_id -value "NA" -context "software_version_and_target_device"
# webtalk_add_data -client project -key tool_flow -value "SDK" -context "software_version_and_target_device"
# webtalk_add_data -client project -key beta -value "false" -context "software_version_and_target_device"
# webtalk_add_data -client project -key route_design -value "NA" -context "software_version_and_target_device"
# webtalk_add_data -client project -key target_family -value "NA" -context "software_version_and_target_device"
# webtalk_add_data -client project -key target_device -value "NA" -context "software_version_and_target_device"
# webtalk_add_data -client project -key target_package -value "NA" -context "software_version_and_target_device"
# webtalk_add_data -client project -key target_speed -value "NA" -context "software_version_and_target_device"
# webtalk_add_data -client project -key random_id -value "t3b3rnl6ohebqr7qfu40trr2mi" -context "software_version_and_target_device"
# webtalk_add_data -client project -key project_id -value "2014.2_4" -context "software_version_and_target_device"
# webtalk_add_data -client project -key project_iteration -value "4" -context "software_version_and_target_device"
# webtalk_add_data -client project -key os_name -value "unknown" -context "user_environment"
# webtalk_add_data -client project -key os_release -value "unknown" -context "user_environment"
# webtalk_add_data -client project -key cpu_name -value "Intel(R) Core(TM) i7-2600 CPU @ 3.40GHz" -context "user_environment"
# webtalk_add_data -client project -key cpu_speed -value "3392.329 MHz" -context "user_environment"
# webtalk_add_data -client project -key total_processors -value "2" -context "user_environment"
# webtalk_add_data -client project -key system_ram -value "1.000 GB" -context "user_environment"
# webtalk_register_client -client sdk
# webtalk_add_data -client sdk -key uid -value "1402609256000" -context "sdk\\\\hardware/1402609256000"
# webtalk_add_data -client sdk -key isZynq -value "true" -context "sdk\\\\hardware/1402609256000"
# webtalk_add_data -client sdk -key Processors -value "2" -context "sdk\\\\hardware/1402609256000"
# webtalk_add_data -client sdk -key VivadoVersion -value "2014.2_EA911930" -context "sdk\\\\hardware/1402609256000"
# webtalk_add_data -client sdk -key Arch -value "zynq" -context "sdk\\\\hardware/1402609256000"
# webtalk_add_data -client sdk -key Device -value "7z010" -context "sdk\\\\hardware/1402609256000"
# webtalk_add_data -client sdk -key IsHandoff -value "true" -context "sdk\\\\hardware/1402609256000"
# webtalk_add_data -client sdk -key uid -value "1402609364000" -context "sdk\\\\bsp/1402609364000"
# webtalk_add_data -client sdk -key hwid -value "1402609256000" -context "sdk\\\\bsp/1402609364000"
# webtalk_add_data -client sdk -key os -value "standalone" -context "sdk\\\\bsp/1402609364000"
# webtalk_add_data -client sdk -key apptemplate -value "zynq_fsbl" -context "sdk\\\\bsp/1402609364000"
# webtalk_add_data -client sdk -key uid -value "1402609369000" -context "sdk\\\\application/1402609369000"
# webtalk_add_data -client sdk -key hwid -value "1402609256000" -context "sdk\\\\application/1402609369000"
# webtalk_add_data -client sdk -key bspid -value "1402609364000" -context "sdk\\\\application/1402609369000"
# webtalk_add_data -client sdk -key newbsp -value "true" -context "sdk\\\\application/1402609369000"
# webtalk_add_data -client sdk -key os -value "standalone" -context "sdk\\\\application/1402609369000"
# webtalk_add_data -client sdk -key apptemplate -value "zynq_fsbl" -context "sdk\\\\application/1402609369000"
# webtalk_transmit -clientid 867412501 -regid "NA" -xml /home/training/Avnet-MicroZed-z7010-2014.2/Avnet-MicroZed-z7010-2014.2.sdk/webtalk/usage_statistics_ext_sdk.xml -html /home/training/Avnet-MicroZed-z7010-2014.2/Avnet-MicroZed-z7010-2014.2.sdk/webtalk/usage_statistics_ext_sdk.html -wdm /home/training/Avnet-MicroZed-z7010-2014.2/Avnet-MicroZed-z7010-2014.2.sdk/webtalk/sdk.wdm -intro "<H3>SDK Usage Report</H3><BR>"
INFO: [Common 17-186] '/home/training/Avnet-MicroZed-z7010-2014.2/Avnet-MicroZed-z7010-2014.2.sdk/webtalk/usage_statistics_ext_sdk.xml' has been successfully sent to Xilinx on Thu Jun 12 14:50:53 2014. For additional details about this file, please refer to the WebTalk help file at /opt/pkg/Xilinx/Vivado/2014.2/doc/webtalk_introduction.html.
# webtalk_terminate
INFO: [Common 17-206] Exiting Vivado at Thu Jun 12 14:50:53 2014...
